[INFO  - 2017-05-27T22:53:14.204Z] GhostDriver - Main - running on port 23796
[INFO  - 2017-05-27T22:53:14.472Z] Session [443027e0-432f-11e7-bd67-f7b229a851a4] - page.settings - {"XSSAuditingEnabled":false,"javascriptCanCloseWindows":true,"javascriptCanOpenWindows":true,"javascriptEnabled":true,"loadImages":true,"localToRemoteUrlAccessEnabled":false,"userAgent":"Mozilla/5.0 (Windows NT 6.1; WOW64) AppleWebKit/538.1 (KHTML, like Gecko) PhantomJS/2.1.1 Safari/538.1","webSecurityEnabled":true}
[INFO  - 2017-05-27T22:53:14.472Z] Session [443027e0-432f-11e7-bd67-f7b229a851a4] - page.customHeaders:  - {}
[INFO  - 2017-05-27T22:53:14.472Z] Session [443027e0-432f-11e7-bd67-f7b229a851a4] - Session.negotiatedCapabilities - {"browserName":"phantomjs","version":"2.1.1","driverName":"ghostdriver","driverVersion":"1.2.0","platform":"windows-7-32bit","javascriptEnabled":true,"takesScreenshot":true,"handlesAlerts":false,"databaseEnabled":false,"locationContextEnabled":false,"applicationCacheEnabled":false,"browserConnectionEnabled":false,"cssSelectorsEnabled":true,"webStorageEnabled":false,"rotatable":false,"acceptSslCerts":false,"nativeEvents":true,"proxy":{"proxyType":"direct"}}
[INFO  - 2017-05-27T22:53:14.472Z] SessionManagerReqHand - _postNewSessionCommand - New Session Created: 443027e0-432f-11e7-bd67-f7b229a851a4
[INFO  - 2017-05-27T22:53:15.361Z] ShutdownReqHand - _handle - About to shutdown
[INFO  - 2017-05-27T23:09:03.187Z] GhostDriver - Main - running on port 19259
[INFO  - 2017-05-27T23:09:03.414Z] Session [79cdd300-4331-11e7-844e-6fed4064e7f0] - page.settings - {"XSSAuditingEnabled":false,"javascriptCanCloseWindows":true,"javascriptCanOpenWindows":true,"javascriptEnabled":true,"loadImages":true,"localToRemoteUrlAccessEnabled":false,"userAgent":"Mozilla/5.0 (Windows NT 6.1; WOW64) AppleWebKit/538.1 (KHTML, like Gecko) PhantomJS/2.1.1 Safari/538.1","webSecurityEnabled":true}
[INFO  - 2017-05-27T23:09:03.414Z] Session [79cdd300-4331-11e7-844e-6fed4064e7f0] - page.customHeaders:  - {}
[INFO  - 2017-05-27T23:09:03.414Z] Session [79cdd300-4331-11e7-844e-6fed4064e7f0] - Session.negotiatedCapabilities - {"browserName":"phantomjs","version":"2.1.1","driverName":"ghostdriver","driverVersion":"1.2.0","platform":"windows-7-32bit","javascriptEnabled":true,"takesScreenshot":true,"handlesAlerts":false,"databaseEnabled":false,"locationContextEnabled":false,"applicationCacheEnabled":false,"browserConnectionEnabled":false,"cssSelectorsEnabled":true,"webStorageEnabled":false,"rotatable":false,"acceptSslCerts":false,"nativeEvents":true,"proxy":{"proxyType":"direct"}}
[INFO  - 2017-05-27T23:09:03.414Z] SessionManagerReqHand - _postNewSessionCommand - New Session Created: 79cdd300-4331-11e7-844e-6fed4064e7f0
[INFO  - 2017-05-27T23:09:04.155Z] ShutdownReqHand - _handle - About to shutdown
[INFO  - 2017-05-28T09:45:33.367Z] GhostDriver - Main - running on port 40372
[INFO  - 2017-05-28T09:45:33.849Z] Session [6512d3d0-438a-11e7-8e21-27b236f50e30] - page.settings - {"XSSAuditingEnabled":false,"javascriptCanCloseWindows":true,"javascriptCanOpenWindows":true,"javascriptEnabled":true,"loadImages":true,"localToRemoteUrlAccessEnabled":false,"userAgent":"Mozilla/5.0 (Windows NT 6.1; WOW64) AppleWebKit/538.1 (KHTML, like Gecko) PhantomJS/2.1.1 Safari/538.1","webSecurityEnabled":true}
[INFO  - 2017-05-28T09:45:33.849Z] Session [6512d3d0-438a-11e7-8e21-27b236f50e30] - page.customHeaders:  - {}
[INFO  - 2017-05-28T09:45:33.849Z] Session [6512d3d0-438a-11e7-8e21-27b236f50e30] - Session.negotiatedCapabilities - {"browserName":"phantomjs","version":"2.1.1","driverName":"ghostdriver","driverVersion":"1.2.0","platform":"windows-7-32bit","javascriptEnabled":true,"takesScreenshot":true,"handlesAlerts":false,"databaseEnabled":false,"locationContextEnabled":false,"applicationCacheEnabled":false,"browserConnectionEnabled":false,"cssSelectorsEnabled":true,"webStorageEnabled":false,"rotatable":false,"acceptSslCerts":false,"nativeEvents":true,"proxy":{"proxyType":"direct"}}
[INFO  - 2017-05-28T09:45:33.849Z] SessionManagerReqHand - _postNewSessionCommand - New Session Created: 6512d3d0-438a-11e7-8e21-27b236f50e30
[INFO  - 2017-05-28T09:45:35.004Z] ShutdownReqHand - _handle - About to shutdown
[INFO  - 2017-05-28T09:46:55.263Z] GhostDriver - Main - running on port 32300
[INFO  - 2017-05-28T09:46:55.991Z] Session [960928e0-438a-11e7-8587-4b3ada27f986] - page.settings - {"XSSAuditingEnabled":false,"javascriptCanCloseWindows":true,"javascriptCanOpenWindows":true,"javascriptEnabled":true,"loadImages":true,"localToRemoteUrlAccessEnabled":false,"userAgent":"Mozilla/5.0 (Windows NT 6.1; WOW64) AppleWebKit/538.1 (KHTML, like Gecko) PhantomJS/2.1.1 Safari/538.1","webSecurityEnabled":true}
[INFO  - 2017-05-28T09:46:55.991Z] Session [960928e0-438a-11e7-8587-4b3ada27f986] - page.customHeaders:  - {}
[INFO  - 2017-05-28T09:46:55.991Z] Session [960928e0-438a-11e7-8587-4b3ada27f986] - Session.negotiatedCapabilities - {"browserName":"phantomjs","version":"2.1.1","driverName":"ghostdriver","driverVersion":"1.2.0","platform":"windows-7-32bit","javascriptEnabled":true,"takesScreenshot":true,"handlesAlerts":false,"databaseEnabled":false,"locationContextEnabled":false,"applicationCacheEnabled":false,"browserConnectionEnabled":false,"cssSelectorsEnabled":true,"webStorageEnabled":false,"rotatable":false,"acceptSslCerts":false,"nativeEvents":true,"proxy":{"proxyType":"direct"}}
[INFO  - 2017-05-28T09:46:55.991Z] SessionManagerReqHand - _postNewSessionCommand - New Session Created: 960928e0-438a-11e7-8587-4b3ada27f986
[INFO  - 2017-05-28T09:46:56.718Z] ShutdownReqHand - _handle - About to shutdown
[INFO  - 2017-05-28T10:30:28.954Z] GhostDriver - Main - running on port 44970
[INFO  - 2017-05-28T10:30:29.669Z] Session [abe8ecd0-4390-11e7-aa16-cf29d60a4965] - page.settings - {"XSSAuditingEnabled":false,"javascriptCanCloseWindows":true,"javascriptCanOpenWindows":true,"javascriptEnabled":true,"loadImages":true,"localToRemoteUrlAccessEnabled":false,"userAgent":"Mozilla/5.0 (Windows NT 6.1; WOW64) AppleWebKit/538.1 (KHTML, like Gecko) PhantomJS/2.1.1 Safari/538.1","webSecurityEnabled":true}
[INFO  - 2017-05-28T10:30:29.669Z] Session [abe8ecd0-4390-11e7-aa16-cf29d60a4965] - page.customHeaders:  - {}
[INFO  - 2017-05-28T10:30:29.669Z] Session [abe8ecd0-4390-11e7-aa16-cf29d60a4965] - Session.negotiatedCapabilities - {"browserName":"phantomjs","version":"2.1.1","driverName":"ghostdriver","driverVersion":"1.2.0","platform":"windows-7-32bit","javascriptEnabled":true,"takesScreenshot":true,"handlesAlerts":false,"databaseEnabled":false,"locationContextEnabled":false,"applicationCacheEnabled":false,"browserConnectionEnabled":false,"cssSelectorsEnabled":true,"webStorageEnabled":false,"rotatable":false,"acceptSslCerts":false,"nativeEvents":true,"proxy":{"proxyType":"direct"}}
[INFO  - 2017-05-28T10:30:29.669Z] SessionManagerReqHand - _postNewSessionCommand - New Session Created: abe8ecd0-4390-11e7-aa16-cf29d60a4965
[INFO  - 2017-05-28T10:30:30.335Z] ShutdownReqHand - _handle - About to shutdown
[INFO  - 2017-05-28T10:32:16.455Z] GhostDriver - Main - running on port 34276
[INFO  - 2017-05-28T10:32:16.653Z] Session [ebadb170-4390-11e7-9e5b-71a002da5d32] - page.settings - {"XSSAuditingEnabled":false,"javascriptCanCloseWindows":true,"javascriptCanOpenWindows":true,"javascriptEnabled":true,"loadImages":true,"localToRemoteUrlAccessEnabled":false,"userAgent":"Mozilla/5.0 (Windows NT 6.1; WOW64) AppleWebKit/538.1 (KHTML, like Gecko) PhantomJS/2.1.1 Safari/538.1","webSecurityEnabled":true}
[INFO  - 2017-05-28T10:32:16.654Z] Session [ebadb170-4390-11e7-9e5b-71a002da5d32] - page.customHeaders:  - {}
[INFO  - 2017-05-28T10:32:16.654Z] Session [ebadb170-4390-11e7-9e5b-71a002da5d32] - Session.negotiatedCapabilities - {"browserName":"phantomjs","version":"2.1.1","driverName":"ghostdriver","driverVersion":"1.2.0","platform":"windows-7-32bit","javascriptEnabled":true,"takesScreenshot":true,"handlesAlerts":false,"databaseEnabled":false,"locationContextEnabled":false,"applicationCacheEnabled":false,"browserConnectionEnabled":false,"cssSelectorsEnabled":true,"webStorageEnabled":false,"rotatable":false,"acceptSslCerts":false,"nativeEvents":true,"proxy":{"proxyType":"direct"}}
[INFO  - 2017-05-28T10:32:16.654Z] SessionManagerReqHand - _postNewSessionCommand - New Session Created: ebadb170-4390-11e7-9e5b-71a002da5d32
[INFO  - 2017-05-28T10:32:17.387Z] ShutdownReqHand - _handle - About to shutdown
[INFO  - 2017-05-28T13:59:11.681Z] GhostDriver - Main - running on port 34891
[INFO  - 2017-05-28T13:59:12.202Z] Session [d3eb5cf0-43ad-11e7-a8bb-678a59e248d7] - page.settings - {"XSSAuditingEnabled":false,"javascriptCanCloseWindows":true,"javascriptCanOpenWindows":true,"javascriptEnabled":true,"loadImages":true,"localToRemoteUrlAccessEnabled":false,"userAgent":"Mozilla/5.0 (Windows NT 6.1; WOW64) AppleWebKit/538.1 (KHTML, like Gecko) PhantomJS/2.1.1 Safari/538.1","webSecurityEnabled":true}
[INFO  - 2017-05-28T13:59:12.202Z] Session [d3eb5cf0-43ad-11e7-a8bb-678a59e248d7] - page.customHeaders:  - {}
[INFO  - 2017-05-28T13:59:12.202Z] Session [d3eb5cf0-43ad-11e7-a8bb-678a59e248d7] - Session.negotiatedCapabilities - {"browserName":"phantomjs","version":"2.1.1","driverName":"ghostdriver","driverVersion":"1.2.0","platform":"windows-7-32bit","javascriptEnabled":true,"takesScreenshot":true,"handlesAlerts":false,"databaseEnabled":false,"locationContextEnabled":false,"applicationCacheEnabled":false,"browserConnectionEnabled":false,"cssSelectorsEnabled":true,"webStorageEnabled":false,"rotatable":false,"acceptSslCerts":false,"nativeEvents":true,"proxy":{"proxyType":"direct"}}
[INFO  - 2017-05-28T13:59:12.202Z] SessionManagerReqHand - _postNewSessionCommand - New Session Created: d3eb5cf0-43ad-11e7-a8bb-678a59e248d7
[INFO  - 2017-05-28T13:59:13.242Z] ShutdownReqHand - _handle - About to shutdown
[INFO  - 2017-05-28T15:34:54.793Z] GhostDriver - Main - running on port 18011
[INFO  - 2017-05-28T15:34:54.987Z] Session [32e39350-43bb-11e7-bc80-05c420e7ea82] - page.settings - {"XSSAuditingEnabled":false,"javascriptCanCloseWindows":true,"javascriptCanOpenWindows":true,"javascriptEnabled":true,"loadImages":true,"localToRemoteUrlAccessEnabled":false,"userAgent":"Mozilla/5.0 (Windows NT 6.1; WOW64) AppleWebKit/538.1 (KHTML, like Gecko) PhantomJS/2.1.1 Safari/538.1","webSecurityEnabled":true}
[INFO  - 2017-05-28T15:34:54.987Z] Session [32e39350-43bb-11e7-bc80-05c420e7ea82] - page.customHeaders:  - {}
[INFO  - 2017-05-28T15:34:54.987Z] Session [32e39350-43bb-11e7-bc80-05c420e7ea82] - Session.negotiatedCapabilities - {"browserName":"phantomjs","version":"2.1.1","driverName":"ghostdriver","driverVersion":"1.2.0","platform":"windows-7-32bit","javascriptEnabled":true,"takesScreenshot":true,"handlesAlerts":false,"databaseEnabled":false,"locationContextEnabled":false,"applicationCacheEnabled":false,"browserConnectionEnabled":false,"cssSelectorsEnabled":true,"webStorageEnabled":false,"rotatable":false,"acceptSslCerts":false,"nativeEvents":true,"proxy":{"proxyType":"direct"}}
[INFO  - 2017-05-28T15:34:54.987Z] SessionManagerReqHand - _postNewSessionCommand - New Session Created: 32e39350-43bb-11e7-bc80-05c420e7ea82
[INFO  - 2017-05-28T15:34:55.708Z] ShutdownReqHand - _handle - About to shutdown
